<?xml version="1.0" encoding="UTF-8"?>
<!-- Generated by org.testng.reporters.JUnitXMLReporter -->
<testsuite ignored="5" hostname="DESKTOP-CQ5J57P" failures="0" tests="4" name="Test1" time="70.458" errors="0" timestamp="2020-12-25T14:30:56 EST">
  <testcase classname="groups.Groups1" name="getUrl" time="1.603"/>
  <testcase classname="groups.Groups1" name="fillInSignupForm1" time="38.402"/>
  <testcase classname="groups.Groups1" name="fillInSignupForm1" time="5.172"/>
  <testcase classname="groups.Groups2" name="getUrl" time="1.212"/>
  <testcase classname="groups.Groups2" name="verifyHomepageTitle" time="0.0">
    <ignored/>
  </testcase> <!-- verifyHomepageTitle -->
  <testcase classname="groups.Groups1" name="quit" time="0.0">
    <ignored/>
  </testcase> <!-- quit -->
  <testcase classname="groups.Groups2" name="verifySigninPage" time="0.0">
    <ignored/>
  </testcase> <!-- verifySigninPage -->
  <testcase classname="groups.Groups2" name="verifySignupForm" time="0.0">
    <ignored/>
  </testcase> <!-- verifySignupForm -->
  <testcase classname="groups.Groups2" name="verifyAuthentificForm" time="0.0">
    <ignored/>
  </testcase> <!-- verifyAuthentificForm -->
</testsuite> <!-- Test1 -->
