<?xml version="1.0" encoding="UTF-8"?>
<!-- Generated by org.testng.reporters.JUnitXMLReporter -->
<testsuite ignored="0" hostname="DESKTOP-CQ5J57P" failures="2" tests="3" name="testGuru" time="11.454" errors="0" timestamp="2021-02-27T13:54:27 EST">
  <testcase classname="parameter.DataProvider" name="testNoParameter" time="4.479"/>
  <testcase classname="parameter.DataProvider" name="testParameterWithXML" time="3.051">
    <failure type="java.lang.AssertionError">
      <![CDATA[java.lang.AssertionError: 
at parameter.DataProvider.testParameterWithXML(DataProvider.java:70)
at java.base/java.util.ArrayList.forEach(ArrayList.java:1511)
... Removed 30 stack frames]]>
    </failure>
  </testcase> <!-- testParameterWithXML -->
  <testcase classname="parameter.DataProvider" name="testMethod" time="0.0">
    <failure type="org.testng.TestNGException" message="
Method public void parameter.DataProvider.testMethod(java.lang.String,java.lang.String) throws java.lang.InterruptedException requires a @DataProvider named : SearchProvider">
      <![CDATA[org.testng.TestNGException: 
Method public void parameter.DataProvider.testMethod(java.lang.String,java.lang.String) throws java.lang.InterruptedException requires a @DataProvider named : SearchProvider
at java.base/java.util.ArrayList.forEach(ArrayList.java:1511)
... Removed 24 stack frames]]>
    </failure>
  </testcase> <!-- testMethod -->
</testsuite> <!-- testGuru -->
