<?xml version="1.0" encoding="UTF-8"?>
<testng-results ignored="5" total="9" passed="4" failed="0" skipped="0">
  <reporter-output>
  </reporter-output>
  <suite started-at="2020-12-25T14:29:46 EST" name="Suite" finished-at="2020-12-25T14:30:56 EST" duration-ms="70458">
    <groups>
      <group name="Regression1">
        <method signature="Groups1.fillInSignupForm1()[pri:1, instance:groups.Groups1@57250572]" name="fillInSignupForm1" class="groups.Groups1"/>
      </group> <!-- Regression1 -->
      <group name="smoke2">
        <method signature="Groups1.getUrl()[pri:0, instance:groups.Groups1@57250572]" name="getUrl" class="groups.Groups1"/>
        <method signature="Groups2.getUrl()[pri:0, instance:groups.Groups2@5609159b]" name="getUrl" class="groups.Groups2"/>
      </group> <!-- smoke2 -->
      <group name="functional1">
        <method signature="Groups1.fillInSignupForm1()[pri:1, instance:groups.Groups1@57250572]" name="fillInSignupForm1" class="groups.Groups1"/>
      </group> <!-- functional1 -->
    </groups>
    <test started-at="2020-12-25T14:29:46 EST" name="Test1" finished-at="2020-12-25T14:30:56 EST" duration-ms="70458">
      <class name="groups.Groups2">
        <test-method is-config="true" signature="setup()[pri:0, instance:groups.Groups2@5609159b]" started-at="2020-12-25T14:29:57 EST" name="setup" finished-at="2020-12-25T14:30:06 EST" duration-ms="9369" status="PASS">
          <reporter-output>
          </reporter-output>
        </test-method> <!-- setup -->
        <test-method signature="getUrl()[pri:0, instance:groups.Groups2@5609159b]" started-at="2020-12-25T14:30:51 EST" name="getUrl" finished-at="2020-12-25T14:30:52 EST" duration-ms="1212" status="PASS">
          <reporter-output>
          </reporter-output>
        </test-method> <!-- getUrl -->
        <test-method is-config="true" signature="closeBrowser()[pri:0, instance:groups.Groups2@5609159b]" started-at="2020-12-25T14:30:52 EST" name="closeBrowser" finished-at="2020-12-25T14:30:56 EST" duration-ms="4145" status="PASS">
          <reporter-output>
          </reporter-output>
        </test-method> <!-- closeBrowser -->
      </class> <!-- groups.Groups2 -->
      <class name="groups.Groups1">
        <test-method is-config="true" signature="setup()[pri:0, instance:groups.Groups1@57250572]" started-at="2020-12-25T14:29:46 EST" name="setup" finished-at="2020-12-25T14:29:57 EST" duration-ms="10524" status="PASS">
          <reporter-output>
          </reporter-output>
        </test-method> <!-- setup -->
        <test-method signature="getUrl()[pri:0, instance:groups.Groups1@57250572]" started-at="2020-12-25T14:30:06 EST" name="getUrl" finished-at="2020-12-25T14:30:08 EST" duration-ms="1603" status="PASS">
          <reporter-output>
          </reporter-output>
        </test-method> <!-- getUrl -->
        <test-method signature="fillInSignupForm1()[pri:1, instance:groups.Groups1@57250572]" started-at="2020-12-25T14:30:08 EST" name="fillInSignupForm1" finished-at="2020-12-25T14:30:46 EST" depends-on-methods="groups.Groups1.getUrl" duration-ms="38402" status="PASS">
          <reporter-output>
          </reporter-output>
        </test-method> <!-- fillInSignupForm1 -->
        <test-method signature="fillInSignupForm1()[pri:1, instance:groups.Groups1@57250572]" started-at="2020-12-25T14:30:46 EST" name="fillInSignupForm1" finished-at="2020-12-25T14:30:51 EST" depends-on-methods="groups.Groups1.getUrl" duration-ms="5172" status="PASS">
          <reporter-output>
          </reporter-output>
        </test-method> <!-- fillInSignupForm1 -->
      </class> <!-- groups.Groups1 -->
    </test> <!-- Test1 -->
  </suite> <!-- Suite -->
</testng-results>
